<?xml version="1.0" encoding="UTF-8" ?>
<testsuite tests="1" failures="0" name="InputFormSubmit" time="0.003" errors="0" skipped="0">
  <properties>
[...]
</properties>
  <testcase classname="InputFormSubmit" name="inputForm[0: {&quot;browserName&quot;:&quot;Chrome&quot;,&quot;browserVersion&quot;:&quot;latest&quot;,&quot;LT:Options&quot;:{&quot;platform&quot;:&quot;Windows 10&quot;,&quot;name&quot;:&quot;Playwright HyperExecute Test&quot;,&quot;build&quot;:&quot;Playwright HyperExecute Build&quot;,&quot;user&quot;:&quot;himabindu.bandi20&quot;,&quot;accessKey&quot;:&quot;95pBacU70Lht4Ltd0ta1sD8VyoGn6BSAO1cmFJuWo1lZPRSoma&quot;,&quot;video&quot;:true,&quot;console&quot;:true}}]" time="14.859"/>
</testsuite>